3-GetCustomerInfo>>INODE_DEV>>ISVR1>>WARNING>>1728917020598
BIP9318E<<Request to 'PreSetupValidate' resource '3-GetCustomerInfo', '3-GetCustomerInfo' of type 'Application' failed. <<1728917020598
BIP2497E<<(.Success_Compute.Main, 14.13) : Illegal data type for target. A list field reference is required. <<1728917020598
BIP9333W<<Application '3-GetCustomerInfo' has been created but contains errors which has prevented some resources from starting. <<1728917020598
BIP1096E<<The source '3-GetCustomerInfoproject.generated.bar' has been deployed but there were one or more failures which may mean the deployed resources will be unable to execute. <<1728917020598
3-GetCustomerInfo>>INODE_DEV>>ISVR1>>WARNING>>1728917093910
BIP9320E<<Message Flow 'success', 'success' encountered a failure and could not start. <<1728917093910
BIP4842E<<Failed to create queue 'SYSTEM.BROKER.WS.ACK' that is required by the component type 'HTTP' named 'HTTPConnector'. <<1728917093910
BIP2112E<<IBM App Connect Enterprise internal error: diagnostic information 'failed to create queue', 'SYSTEM.BROKER.WS.ACK'. <<1728917093910
BIP9333W<<Application '3-GetCustomerInfo' has been changed but contains errors which has prevented some resources from starting. <<1728917093910
BIP1096E<<The source '3-GetCustomerInfoproject.generated.bar' has been deployed but there were one or more failures which may mean the deployed resources will be unable to execute. <<1728917093910
3-GetCustomerInfo>>INODE_DEV>>ISVR1>>SUCCESS>>1728918418304
BIP9332I<<Application '3-GetCustomerInfo' has been created successfully. <<1728918418304
BIP9326I<<The source '3-GetCustomerInfoproject.generated.bar' has been successfully deployed. <<1728918418304
3-GetCustomerInfo>>INODE_DEV>>ISVR1>>SUCCESS>>1728918599928
BIP9332I<<Application '3-GetCustomerInfo' has been changed successfully. <<1728918599928
BIP9326I<<The source '3-GetCustomerInfoproject.generated.bar' has been successfully deployed. <<1728918599928
3-GetCustomerInfo>>INODE_DEV>>ISVR1>>SUCCESS>>1728946841479
BIP9332I<<Application '3-GetCustomerInfo' has been created successfully. <<1728946841479
BIP9326I<<The source '3-GetCustomerInfoproject.generated.bar' has been successfully deployed. <<1728946841479
3-GetCustomerInfo>>INODE_DEV>>ISVR1>>SUCCESS>>1728950419935
BIP9332I<<Application '3-GetCustomerInfo' has been created successfully. <<1728950419935
BIP9326I<<The source '3-GetCustomerInfoproject.generated.bar' has been successfully deployed. <<1728950419935
3-GetCustomerInfo>>INODE_DEV>>ISVR2>>WARNING>>1728956904603
BIP9320E<<Message Flow 'success', 'success' encountered a failure and could not start. <<1728956904603
BIP4842E<<Failed to create queue 'SYSTEM.BROKER.WS.ACK' that is required by the component type 'HTTP' named 'HTTPConnector'. <<1728956904603
BIP2112E<<IBM App Connect Enterprise internal error: diagnostic information 'failed to create queue', 'SYSTEM.BROKER.WS.ACK'. <<1728956904603
BIP9333W<<Application '3-GetCustomerInfo' has been created but contains errors which has prevented some resources from starting. <<1728956904603
BIP1096E<<The source '3-GetCustomerInfoproject.generated.bar' has been deployed but there were one or more failures which may mean the deployed resources will be unable to execute. <<1728956904603
3-GetCustomerInfo>>INODE_DEV>>ISVR2>>WARNING>>1728957061597
BIP9320E<<Message Flow 'success', 'success' encountered a failure and could not start. <<1728957061597
BIP4842E<<Failed to create queue 'SYSTEM.BROKER.WS.ACK' that is required by the component type 'HTTP' named 'HTTPConnector'. <<1728957061597
BIP2112E<<IBM App Connect Enterprise internal error: diagnostic information 'failed to create queue', 'SYSTEM.BROKER.WS.ACK'. <<1728957061597
BIP9333W<<Application '3-GetCustomerInfo' has been changed but contains errors which has prevented some resources from starting. <<1728957061597
BIP1096E<<The source '3-GetCustomerInfoproject.generated.bar' has been deployed but there were one or more failures which may mean the deployed resources will be unable to execute. <<1728957061597
3-GetCustomerInfo>>INODE_DEV>>ISVR2>>SUCCESS>>1728957310877
BIP9332I<<Application '3-GetCustomerInfo' has been changed successfully. <<1728957310877
BIP9326I<<The source '3-GetCustomerInfoproject.generated.bar' has been successfully deployed. <<1728957310877
3-GetCustomerInfo>>INODE_DEV>>ISVR2>>WARNING>>1728958003194
BIP3135S<<An exception occurred while starting the HTTPSConnector. Exception text is 'Unable to load keystore "/home/joe/brokerkeystore.jks" or truststore "/home/joe/brokertruststore.jks"'. <<1728958003194
BIP9320E<<Message Flow 'success', 'success' encountered a failure and could not start. <<1728958003194
BIP3135S<<An exception occurred while starting the HTTPSConnector. Exception text is 'Unable to load keystore "/home/joe/brokerkeystore.jks" or truststore "/home/joe/brokertruststore.jks"'. <<1728958003194
BIP9333W<<Application '3-GetCustomerInfo' has been created but contains errors which has prevented some resources from starting. <<1728958003194
BIP1096E<<The source '3-GetCustomerInfoproject.generated.bar' has been deployed but there were one or more failures which may mean the deployed resources will be unable to execute. <<1728958003194
3-GetCustomerInfo>>INODE_DEV>>ISVR2>>WARNING>>1728958045289
BIP3135S<<An exception occurred while starting the HTTPSConnector. Exception text is 'Unable to load keystore "/home/joe/brokerkeystore.jks" or truststore "/home/joe/brokertruststore.jks"'. <<1728958045289
BIP9320E<<Message Flow 'success', 'success' encountered a failure and could not start. <<1728958045289
BIP3135S<<An exception occurred while starting the HTTPSConnector. Exception text is 'Unable to load keystore "/home/joe/brokerkeystore.jks" or truststore "/home/joe/brokertruststore.jks"'. <<1728958045289
BIP9333W<<Application '3-GetCustomerInfo' has been created but contains errors which has prevented some resources from starting. <<1728958045289
BIP1096E<<The source '3-GetCustomerInfoproject.generated.bar' has been deployed but there were one or more failures which may mean the deployed resources will be unable to execute. <<1728958045289
3-GetCustomerInfo>>INODE_DEV>>ISVR2>>WARNING>>1728958263270
BIP3135S<<An exception occurred while starting the HTTPSConnector. Exception text is 'Unable to load keystore "/home/joe/brokerkeystore.jks" or truststore "/home/joe/brokertruststore.jks"'. <<1728958263270
BIP9320E<<Message Flow 'success', 'success' encountered a failure and could not start. <<1728958263270
BIP3135S<<An exception occurred while starting the HTTPSConnector. Exception text is 'Unable to load keystore "/home/joe/brokerkeystore.jks" or truststore "/home/joe/brokertruststore.jks"'. <<1728958263270
BIP9333W<<Application '3-GetCustomerInfo' has been changed but contains errors which has prevented some resources from starting. <<1728958263270
BIP1096E<<The source '3-GetCustomerInfoproject.generated.bar' has been deployed but there were one or more failures which may mean the deployed resources will be unable to execute. <<1728958263270
3-GetCustomerInfo>>INODE_DEV>>ISVR2>>WARNING>>1728958682293
BIP3135S<<An exception occurred while starting the HTTPSConnector. Exception text is 'Unable to load keystore "/home/joe/brokerkeystore.jks" or truststore "/home/joe/brokertruststore.jks"'. <<1728958682293
BIP9320E<<Message Flow 'success', 'success' encountered a failure and could not start. <<1728958682293
BIP3135S<<An exception occurred while starting the HTTPSConnector. Exception text is 'Unable to load keystore "/home/joe/brokerkeystore.jks" or truststore "/home/joe/brokertruststore.jks"'. <<1728958682293
BIP9333W<<Application '3-GetCustomerInfo' has been changed but contains errors which has prevented some resources from starting. <<1728958682293
BIP1096E<<The source '3-GetCustomerInfoproject.generated.bar' has been deployed but there were one or more failures which may mean the deployed resources will be unable to execute. <<1728958682293
3-GetCustomerInfo>>INODE_DEV>>ISVR1>>SUCCESS>>1728958985986
BIP9332I<<Application '3-GetCustomerInfo' has been changed successfully. <<1728958985986
BIP9326I<<The source '3-GetCustomerInfoproject.generated.bar' has been successfully deployed. <<1728958985986
3-GetCustomerInfo>>INODE_DEV>>ISVR2>>WARNING>>1729011168597
BIP3135S<<An exception occurred while starting the HTTPSConnector. Exception text is 'Unable to load keystore "/home/joe/brokerkeystore.jks" or truststore "/home/joe/brktruststore.jks"'. <<1729011168597
BIP9320E<<Message Flow 'success', 'success' encountered a failure and could not start. <<1729011168597
BIP3135S<<An exception occurred while starting the HTTPSConnector. Exception text is 'Unable to load keystore "/home/joe/brokerkeystore.jks" or truststore "/home/joe/brktruststore.jks"'. <<1729011168597
BIP9333W<<Application '3-GetCustomerInfo' has been created but contains errors which has prevented some resources from starting. <<1729011168597
BIP1096E<<The source '3-GetCustomerInfoproject.generated.bar' has been deployed but there were one or more failures which may mean the deployed resources will be unable to execute. <<1729011168597
3-GetCustomerInfo>>INODE_DEV>>ISVR2>>WARNING>>1729011917316
BIP3135S<<An exception occurred while starting the HTTPSConnector. Exception text is 'Unable to load keystore "/home/joe/brkkeystore.jks" or truststore "/home/joe/brktruststore.jks"'. <<1729011917316
BIP9320E<<Message Flow 'success', 'success' encountered a failure and could not start. <<1729011917316
BIP3135S<<An exception occurred while starting the HTTPSConnector. Exception text is 'Unable to load keystore "/home/joe/brkkeystore.jks" or truststore "/home/joe/brktruststore.jks"'. <<1729011917316
BIP9333W<<Application '3-GetCustomerInfo' has been created but contains errors which has prevented some resources from starting. <<1729011917316
BIP1096E<<The source '3-GetCustomerInfoproject.generated.bar' has been deployed but there were one or more failures which may mean the deployed resources will be unable to execute. <<1729011917316
3-GetCustomerInfo>>INODE_DEV>>ISVR1>>SUCCESS>>1729011971544
BIP9332I<<Application '3-GetCustomerInfo' has been created successfully. <<1729011971544
BIP9326I<<The source '3-GetCustomerInfoproject.generated.bar' has been successfully deployed. <<1729011971544
3-GetCustomerInfo>>INODE_DEV>>ISVR1>>SUCCESS>>1729017657569
BIP9332I<<Application '3-GetCustomerInfo' has been created successfully. <<1729017657569
BIP9326I<<The source '3-GetCustomerInfoproject.generated.bar' has been successfully deployed. <<1729017657569
3-GetCustomerInfo>>INODE_DEV>>ISVR1>>SUCCESS>>1729019441018
BIP9332I<<Application '3-GetCustomerInfo' has been created successfully. <<1729019441018
BIP9326I<<The source '3-GetCustomerInfoproject.generated.bar' has been successfully deployed. <<1729019441018
3-GetCustomerInfo>>INODE_DEV>>ISVR1>>WARNING>>1729021529778
BIP3135S<<An exception occurred while starting the HTTPSConnector. Exception text is 'Unable to load keystore "/home/joe/key.jks" or truststore "/home/joe/brktruststore.jks"'. <<1729021529778
BIP9320E<<Message Flow 'success', 'success' encountered a failure and could not start. <<1729021529778
BIP3135S<<An exception occurred while starting the HTTPSConnector. Exception text is 'Unable to load keystore "/home/joe/key.jks" or truststore "/home/joe/brktruststore.jks"'. <<1729021529778
BIP9333W<<Application '3-GetCustomerInfo' has been created but contains errors which has prevented some resources from starting. <<1729021529778
BIP1096E<<The source '3-GetCustomerInfoproject.generated.bar' has been deployed but there were one or more failures which may mean the deployed resources will be unable to execute. <<1729021529778
3-GetCustomerInfo>>INODE_DEV>>ISVR1>>WARNING>>1729022057208
BIP3135S<<An exception occurred while starting the HTTPSConnector. Exception text is 'Unable to load keystore "/home/joe/key.jks" or truststore ""'. <<1729022057208
BIP9320E<<Message Flow 'success', 'success' encountered a failure and could not start. <<1729022057208
BIP3135S<<An exception occurred while starting the HTTPSConnector. Exception text is 'Unable to load keystore "/home/joe/key.jks" or truststore ""'. <<1729022057208
BIP9333W<<Application '3-GetCustomerInfo' has been created but contains errors which has prevented some resources from starting. <<1729022057208
BIP1096E<<The source '3-GetCustomerInfoproject.generated.bar' has been deployed but there were one or more failures which may mean the deployed resources will be unable to execute. <<1729022057208
3-GetCustomerInfo>>INODE_DEV>>ISVR1>>WARNING>>1729025121072
BIP9320E<<Message Flow 'success', 'success' encountered a failure and could not start. <<1729025121072
BIP4842E<<Failed to create queue 'SYSTEM.BROKER.WS.ACK' that is required by the component type 'HTTP' named 'HTTPSConnector'. <<1729025121072
BIP2112E<<IBM App Connect Enterprise internal error: diagnostic information 'failed to create queue', 'SYSTEM.BROKER.WS.ACK'. <<1729025121072
BIP9333W<<Application '3-GetCustomerInfo' has been created but contains errors which has prevented some resources from starting. <<1729025121072
BIP1096E<<The source '3-GetCustomerInfoproject.generated.bar' has been deployed but there were one or more failures which may mean the deployed resources will be unable to execute. <<1729025121072
3-GetCustomerInfo>>INODE_DEV>>ISVR1>>WARNING>>1729025394909
BIP3135S<<An exception occurred while starting the HTTPSConnector. Exception text is 'Unable to load keystore "/home/joe/brkks.jks" or truststore "/homr/joe/brkts.jks"'. <<1729025394909
BIP9320E<<Message Flow 'success', 'success' encountered a failure and could not start. <<1729025394909
BIP3135S<<An exception occurred while starting the HTTPSConnector. Exception text is 'Unable to load keystore "/home/joe/brkks.jks" or truststore "/homr/joe/brkts.jks"'. <<1729025394909
BIP9333W<<Application '3-GetCustomerInfo' has been created but contains errors which has prevented some resources from starting. <<1729025394909
BIP1096E<<The source '3-GetCustomerInfoproject.generated.bar' has been deployed but there were one or more failures which may mean the deployed resources will be unable to execute. <<1729025394909
3-GetCustomerInfo>>INODE_DEV>>ISVR1>>WARNING>>1729025689572
BIP3135S<<An exception occurred while starting the HTTPSConnector. Exception text is 'Unable to load keystore "/home/joe/brkks.jks" or truststore "/homr/joe/brkts.jks"'. <<1729025689572
BIP9320E<<Message Flow 'success', 'success' encountered a failure and could not start. <<1729025689572
BIP3135S<<An exception occurred while starting the HTTPSConnector. Exception text is 'Unable to load keystore "/home/joe/brkks.jks" or truststore "/homr/joe/brkts.jks"'. <<1729025689572
BIP9333W<<Application '3-GetCustomerInfo' has been changed but contains errors which has prevented some resources from starting. <<1729025689572
BIP1096E<<The source '3-GetCustomerInfoproject.generated.bar' has been deployed but there were one or more failures which may mean the deployed resources will be unable to execute. <<1729025689572
3-GetCustomerInfo>>INODE_DEV>>ISVR1>>WARNING>>1729025882787
BIP3135S<<An exception occurred while starting the HTTPSConnector. Exception text is 'Unable to load keystore "/home/joe/brkks.jks" or truststore "/homr/joe/brkts.jks"'. <<1729025882787
BIP9320E<<Message Flow 'success', 'success' encountered a failure and could not start. <<1729025882787
BIP3135S<<An exception occurred while starting the HTTPSConnector. Exception text is 'Unable to load keystore "/home/joe/brkks.jks" or truststore "/homr/joe/brkts.jks"'. <<1729025882787
BIP9333W<<Application '3-GetCustomerInfo' has been changed but contains errors which has prevented some resources from starting. <<1729025882787
BIP1096E<<The source '3-GetCustomerInfoproject.generated.bar' has been deployed but there were one or more failures which may mean the deployed resources will be unable to execute. <<1729025882787
3-GetCustomerInfo>>INODE_DEV>>ISVR1>>SUCCESS>>1729026757266
BIP9332I<<Application '3-GetCustomerInfo' has been created successfully. <<1729026757266
BIP9326I<<The source '3-GetCustomerInfoproject.generated.bar' has been successfully deployed. <<1729026757266
6-HTTPSExample>>INODE_DEV>>ISVR1>>SUCCESS>>1729027680008
BIP9332I<<Application '6-HTTPSExample' has been created successfully. <<1729027680008
BIP9326I<<The source '6-HTTPSExampleproject.generated.bar' has been successfully deployed. <<1729027680008
6-HTTPSInvoke>>INODE_DEV>>ISVR1>>SUCCESS>>1729070423994
BIP9332I<<Application '6-HTTPSInvoke' has been created successfully. <<1729070423994
BIP9326I<<The source '6-HTTPSInvokeproject.generated.bar' has been successfully deployed. <<1729070423994
6-HTTPSExposed>>INODE_DEV>>ISVR1>>SUCCESS>>1729070432746
BIP9332I<<Application '6-HTTPSExposed' has been created successfully. <<1729070432746
BIP9326I<<The source '6-HTTPSExposedproject.generated.bar' has been successfully deployed. <<1729070432746
6-HTTPSInvoke>>INODE_DEV>>ISVR1>>SUCCESS>>1729076583927
BIP9332I<<Application '6-HTTPSInvoke' has been created successfully. <<1729076583927
BIP9326I<<The source '6-HTTPSInvokeproject.generated.bar' has been successfully deployed. <<1729076583927
6-HTTPSInvoke>>INODE_DEV>>ISVR1>>ERROR>>1729076986096
